<?xml version="1.0" encoding="UTF-8"?>
<!-- Generated by org.testng.reporters.JUnitReportReporter -->
<testsuite hostname="DESKTOP-3OF9PN3" failures="0" tests="2" name="tests.Test2" time="0.015" errors="0" timestamp="2023-04-09T17:26:44 IST" skipped="0">
  <testcase classname="tests.Test2" name="demo" time="0.013"/>
  <system-out/>
  <testcase classname="tests.Test2" name="ser" time="0.002"/>
  <system-out/>
</testsuite> <!-- tests.Test2 -->
